<?xml version="1.0" encoding="UTF-8"?>
<!-- Generated by org.testng.reporters.JUnitXMLReporter -->
<testsuite ignored="0" hostname="DESKTOP-FD05JAM" failures="0" tests="4" name="Default test" time="110.379" errors="0" timestamp="2025-08-27T00:09:54 IST">
  <testcase classname="testCases.Test_Case_05" name="logoutVerify" time="30.624"/>
  <testcase classname="testCases.Test_Case_05" name="logoutVerify" time="30.619"/>
  <testcase classname="testCases.Test_Case_05" name="logoutVerify" time="17.752"/>
  <testcase classname="testCases.Test_Case_05" name="logoutVerify" time="18.129"/>
</testsuite> <!-- Default test -->
