<?xml version="1.0" encoding="UTF-8"?>
<!-- Generated by org.testng.reporters.JUnitXMLReporter -->
<testsuite ignored="0" hostname="DESKTOP-FD05JAM" failures="0" tests="6" name="Default test" time="55.492" errors="0" timestamp="2025-08-20T15:31:38 IST">
  <testcase classname="testCases.TC_002_Login_TDD" name="login_verify_TDD" time="4.15"/>
  <testcase classname="testCases.TC_002_Login_TDD" name="login_verify_TDD" time="10.499"/>
  <testcase classname="testCases.TC_002_Login_TDD" name="login_verify_TDD" time="11.155"/>
  <testcase classname="testCases.TC_002_Login_TDD" name="login_verify_TDD" time="10.826"/>
  <testcase classname="testCases.TC_002_Login_TDD" name="login_verify_TDD" time="10.178"/>
  <testcase classname="testCases.TC_002_Login_TDD" name="login_verify_TDD" time="3.599"/>
</testsuite> <!-- Default test -->
