<?xml version="1.0" encoding="UTF-8"?>
<!-- Generated by org.testng.reporters.JUnitXMLReporter -->
<testsuite ignored="0" hostname="DESKTOP-FD05JAM" failures="0" tests="7" name="TestReport" time="62.033" errors="0" timestamp="2025-08-20T15:36:56 IST">
  <testcase classname="testCases.TC_001_LoginPage" name="login_verify" time="3.74"/>
  <testcase classname="testCases.TC_002_Login_TDD" name="login_verify_TDD" time="3.608"/>
  <testcase classname="testCases.TC_002_Login_TDD" name="login_verify_TDD" time="10.476"/>
  <testcase classname="testCases.TC_002_Login_TDD" name="login_verify_TDD" time="10.182"/>
  <testcase classname="testCases.TC_002_Login_TDD" name="login_verify_TDD" time="10.85"/>
  <testcase classname="testCases.TC_002_Login_TDD" name="login_verify_TDD" time="10.165"/>
  <testcase classname="testCases.TC_002_Login_TDD" name="login_verify_TDD" time="4.039"/>
</testsuite> <!-- TestReport -->
