<?xml version="1.0" encoding="UTF-8"?>
<!-- Generated by org.testng.reporters.JUnitXMLReporter -->
<testsuite ignored="0" hostname="DESKTOP-FD05JAM" failures="1" tests="1" name="TestReport" time="4.82" errors="0" timestamp="2025-08-13T14:27:21 IST">
  <testcase classname="testCases.TC_001_LoginPage" name="login_verify" time="0.462">
    <failure type="java.lang.AssertionError" message="null">
      <![CDATA[java.lang.AssertionError: null
at testCases.TC_001_LoginPage.login_verify(TC_001_LoginPage.java:35)
at java.base/java.util.ArrayList.forEach(ArrayList.java:1511)
... Removed 27 stack frames]]>
    </failure>
  </testcase> <!-- login_verify -->
</testsuite> <!-- TestReport -->
