<?xml version="1.0" encoding="UTF-8"?>
<testng-results ignored="0" total="6" passed="5" failed="1" skipped="0">
  <reporter-output>
  </reporter-output>
  <suite started-at="2025-08-05T23:57:23 IST" name="Suite" finished-at="2025-08-05T23:58:21 IST" duration-ms="58022">
    <groups>
    </groups>
    <test started-at="2025-08-05T23:57:23 IST" name="TestReport" finished-at="2025-08-05T23:58:21 IST" duration-ms="58022">
      <class name="testCases.TC_002_Login_TDD">
        <test-method is-config="true" signature="steup()[pri:0, instance:testCases.TC_002_Login_TDD@1e683a3e]" started-at="2025-08-05T23:57:23 IST" name="steup" finished-at="2025-08-05T23:57:27 IST" duration-ms="4531" status="PASS">
          <reporter-output>
          </reporter-output>
        </test-method> <!-- steup -->
        <test-method signature="login_verify_TDD(java.lang.String,java.lang.String,java.lang.String)[pri:0, instance:testCases.TC_002_Login_TDD@1e683a3e]" started-at="2025-08-05T23:57:29 IST" name="login_verify_TDD" data-provider="loginData" finished-at="2025-08-05T23:57:33 IST" duration-ms="3732" status="PASS">
          <params>
            <param index="0">
              <value>
                <![CDATA[Admin]]>
              </value>
            </param>
            <param index="1">
              <value>
                <![CDATA[admin123]]>
              </value>
            </param>
            <param index="2">
              <value>
                <![CDATA[valid]]>
              </value>
            </param>
          </params>
          <reporter-output>
          </reporter-output>
        </test-method> <!-- login_verify_TDD -->
        <test-method signature="login_verify_TDD(java.lang.String,java.lang.String,java.lang.String)[pri:0, instance:testCases.TC_002_Login_TDD@1e683a3e]" started-at="2025-08-05T23:57:33 IST" name="login_verify_TDD" data-provider="loginData" finished-at="2025-08-05T23:57:44 IST" duration-ms="11355" status="PASS">
          <params>
            <param index="0">
              <value>
                <![CDATA[test]]>
              </value>
            </param>
            <param index="1">
              <value>
                <![CDATA[test]]>
              </value>
            </param>
            <param index="2">
              <value>
                <![CDATA[invalid]]>
              </value>
            </param>
          </params>
          <reporter-output>
          </reporter-output>
        </test-method> <!-- login_verify_TDD -->
        <test-method signature="login_verify_TDD(java.lang.String,java.lang.String,java.lang.String)[pri:0, instance:testCases.TC_002_Login_TDD@1e683a3e]" started-at="2025-08-05T23:57:44 IST" name="login_verify_TDD" data-provider="loginData" finished-at="2025-08-05T23:57:55 IST" duration-ms="11318" status="PASS">
          <params>
            <param index="0">
              <value>
                <![CDATA[Admin]]>
              </value>
            </param>
            <param index="1">
              <value>
                <![CDATA[test]]>
              </value>
            </param>
            <param index="2">
              <value>
                <![CDATA[invalid]]>
              </value>
            </param>
          </params>
          <reporter-output>
          </reporter-output>
        </test-method> <!-- login_verify_TDD -->
        <test-method signature="login_verify_TDD(java.lang.String,java.lang.String,java.lang.String)[pri:0, instance:testCases.TC_002_Login_TDD@1e683a3e]" started-at="2025-08-05T23:57:55 IST" name="login_verify_TDD" data-provider="loginData" finished-at="2025-08-05T23:58:06 IST" duration-ms="11016" status="PASS">
          <params>
            <param index="0">
              <value>
                <![CDATA[test]]>
              </value>
            </param>
            <param index="1">
              <value>
                <![CDATA[admin123]]>
              </value>
            </param>
            <param index="2">
              <value>
                <![CDATA[invalid]]>
              </value>
            </param>
          </params>
          <reporter-output>
          </reporter-output>
        </test-method> <!-- login_verify_TDD -->
        <test-method signature="login_verify_TDD(java.lang.String,java.lang.String,java.lang.String)[pri:0, instance:testCases.TC_002_Login_TDD@1e683a3e]" started-at="2025-08-05T23:58:06 IST" name="login_verify_TDD" data-provider="loginData" finished-at="2025-08-05T23:58:17 IST" duration-ms="10353" status="PASS">
          <params>
            <param index="0">
              <value>
                <![CDATA[]]>
              </value>
            </param>
            <param index="1">
              <value>
                <![CDATA[admin123]]>
              </value>
            </param>
            <param index="2">
              <value>
                <![CDATA[invalid]]>
              </value>
            </param>
          </params>
          <reporter-output>
          </reporter-output>
        </test-method> <!-- login_verify_TDD -->
        <test-method signature="login_verify_TDD(java.lang.String,java.lang.String,java.lang.String)[pri:0, instance:testCases.TC_002_Login_TDD@1e683a3e]" started-at="2025-08-05T23:58:17 IST" name="login_verify_TDD" data-provider="loginData" finished-at="2025-08-05T23:58:21 IST" duration-ms="3768" status="FAIL">
          <params>
            <param index="0">
              <value>
                <![CDATA[Admin]]>
              </value>
            </param>
            <param index="1">
              <value>
                <![CDATA[]]>
              </value>
            </param>
            <param index="2">
              <value>
                <![CDATA[invalid]]>
              </value>
            </param>
          </params>
          <exception class="java.lang.AssertionError">
            <message>
              <![CDATA[expected [true] but found [false]]]>
            </message>
            <full-stacktrace>
              <![CDATA[java.lang.AssertionError: expected [true] but found [false]
at org.testng.Assert.fail(Assert.java:111)
at org.testng.Assert.failNotEquals(Assert.java:1590)
at org.testng.Assert.assertTrue(Assert.java:57)
at org.testng.Assert.assertTrue(Assert.java:67)
at testCases.TC_002_Login_TDD.login_verify_TDD(TC_002_Login_TDD.java:61)
at java.base/jdk.internal.reflect.DirectMethodHandleAccessor.invoke(DirectMethodHandleAccessor.java:104)
at java.base/java.lang.reflect.Method.invoke(Method.java:578)
at org.testng.internal.invokers.MethodInvocationHelper.invokeMethod(MethodInvocationHelper.java:141)
at org.testng.internal.invokers.TestInvoker.invokeMethod(TestInvoker.java:687)
at org.testng.internal.invokers.TestInvoker.invokeTestMethod(TestInvoker.java:230)
at org.testng.internal.invokers.MethodRunner.runInSequence(MethodRunner.java:63)
at org.testng.internal.invokers.TestInvoker$MethodInvocationAgent.invoke(TestInvoker.java:995)
at org.testng.internal.invokers.TestInvoker.invokeTestMethods(TestInvoker.java:203)
at org.testng.internal.invokers.TestMethodWorker.invokeTestMethods(TestMethodWorker.java:154)
at org.testng.internal.invokers.TestMethodWorker.run(TestMethodWorker.java:134)
at java.base/java.util.ArrayList.forEach(ArrayList.java:1511)
at org.testng.TestRunner.privateRun(TestRunner.java:741)
at org.testng.TestRunner.run(TestRunner.java:616)
at org.testng.SuiteRunner.runTest(SuiteRunner.java:421)
at org.testng.SuiteRunner.runSequentially(SuiteRunner.java:413)
at org.testng.SuiteRunner.privateRun(SuiteRunner.java:373)
at org.testng.SuiteRunner.run(SuiteRunner.java:312)
at org.testng.SuiteRunnerWorker.runSuite(SuiteRunnerWorker.java:52)
at org.testng.SuiteRunnerWorker.run(SuiteRunnerWorker.java:95)
at org.testng.TestNG.runSuitesSequentially(TestNG.java:1274)
at org.testng.TestNG.runSuitesLocally(TestNG.java:1208)
at org.testng.TestNG.runSuites(TestNG.java:1112)
at org.testng.TestNG.run(TestNG.java:1079)
at org.testng.remote.AbstractRemoteTestNG.run(AbstractRemoteTestNG.java:115)
at org.testng.remote.RemoteTestNG.initAndRun(RemoteTestNG.java:293)
at org.testng.remote.RemoteTestNG.main(RemoteTestNG.java:91)
]]>
            </full-stacktrace>
          </exception> <!-- java.lang.AssertionError -->
          <reporter-output>
          </reporter-output>
        </test-method> <!-- login_verify_TDD -->
      </class> <!-- testCases.TC_002_Login_TDD -->
    </test> <!-- TestReport -->
  </suite> <!-- Suite -->
</testng-results>
